# JRE version: Java(TM) SE Runtime Environment (21.0.3+7) (build 21.0.3+7-LTS-152)
# Java VM: Java HotSpot(TM) 64-Bit Server VM (21.0.3+7-LTS-152, mixed mode, sharing, tiered, compressed oops, compressed class ptrs, g1 gc, windows-amd64)
GC Precious Log:
 CardTable entry size: 512
 Card Set container configuration: InlinePtr #cards 5 size 8 Array Of Cards #cards 12 size 40 Howl #buckets 4 coarsen threshold 1843 Howl Bitmap #cards 512 size 80 coarsen threshold 460 Card regions per heap region 1 cards per card region 2048
 CPUs: 4 total, 4 available
 Memory: 7686M
 Large Page Support: Disabled
 NUMA Support: Disabled
 Compressed Oops: Enabled (32-bit)
 Heap Region Size: 1M
 Heap Min Capacity: 8M
 Heap Initial Capacity: 122M
 Heap Max Capacity: 1922M
 Pre-touch: Disabled
 Parallel Workers: 4
 Concurrent Workers: 1
 Concurrent Refinement Workers: 4
 Periodic GC: Disabled
Heap:
 garbage-first heap   total 61440K, used 37369K [0x0000000087e00000, 0x0000000100000000)
  region size 1024K, 9 young (9216K), 2 survivors (2048K)
 Metaspace       used 73431K, committed 74240K, reserved 1114112K
  class space    used 9869K, committed 10240K, reserved 1048576K
GC Heap History (20 events):
Event: 6.454 GC heap before
{Heap before GC invocations=10 (full 0):
 garbage-first heap   total 51200K, used 42458K [0x0000000087e00000, 0x0000000100000000)
  region size 1024K, 23 young (23552K), 2 survivors (2048K)
 Metaspace       used 43721K, committed 44416K, reserved 1114112K
  class space    used 5471K, committed 5760K, reserved 1048576K
}
Event: 6.459 GC heap after
{Heap after GC invocations=11 (full 0):
 garbage-first heap   total 51200K, used 23178K [0x0000000087e00000, 0x0000000100000000)
  region size 1024K, 3 young (3072K), 3 survivors (3072K)
 Metaspace       used 43721K, committed 44416K, reserved 1114112K
  class space    used 5471K, committed 5760K, reserved 1048576K
}
Event: 7.239 GC heap before
{Heap before GC invocations=11 (full 0):
 garbage-first heap   total 51200K, used 43658K [0x0000000087e00000, 0x0000000100000000)
  region size 1024K, 23 young (23552K), 3 survivors (3072K)
 Metaspace       used 49046K, committed 49664K, reserved 1114112K
  class space    used 6266K, committed 6528K, reserved 1048576K
}
Event: 7.245 GC heap after
{Heap after GC invocations=12 (full 0):
 garbage-first heap   total 51200K, used 24324K [0x0000000087e00000, 0x0000000100000000)
  region size 1024K, 2 young (2048K), 2 survivors (2048K)
 Metaspace       used 49046K, committed 49664K, reserved 1114112K
  class space    used 6266K, committed 6528K, reserved 1048576K
}
Event: 7.927 GC heap before
{Heap before GC invocations=12 (full 0):
 garbage-first heap   total 51200K, used 43780K [0x0000000087e00000, 0x0000000100000000)
  region size 1024K, 21 young (21504K), 2 survivors (2048K)
 Metaspace       used 54356K, committed 55040K, reserved 1114112K
  class space    used 7093K, committed 7424K, reserved 1048576K
}
Event: 7.930 GC heap after
{Heap after GC invocations=13 (full 0):
 garbage-first heap   total 51200K, used 25383K [0x0000000087e00000, 0x0000000100000000)
  region size 1024K, 3 young (3072K), 3 survivors (3072K)
 Metaspace       used 54356K, committed 55040K, reserved 1114112K
  class space    used 7093K, committed 7424K, reserved 1048576K
}
Event: 8.426 GC heap before
{Heap before GC invocations=14 (full 0):
 garbage-first heap   total 51200K, used 42791K [0x0000000087e00000, 0x0000000100000000)
  region size 1024K, 21 young (21504K), 3 survivors (3072K)
 Metaspace       used 59641K, committed 60352K, reserved 1114112K
  class space    used 7863K, committed 8192K, reserved 1048576K
}
Event: 8.429 GC heap after
{Heap after GC invocations=15 (full 0):
 garbage-first heap   total 51200K, used 26140K [0x0000000087e00000, 0x0000000100000000)
  region size 1024K, 2 young (2048K), 2 survivors (2048K)
 Metaspace       used 59641K, committed 60352K, reserved 1114112K
  class space    used 7863K, committed 8192K, reserved 1048576K
}
Event: 9.015 GC heap before
{Heap before GC invocations=15 (full 0):
 garbage-first heap   total 51200K, used 45596K [0x0000000087e00000, 0x0000000100000000)
  region size 1024K, 21 young (21504K), 2 survivors (2048K)
 Metaspace       used 65156K, committed 65920K, reserved 1114112K
  class space    used 8708K, committed 9088K, reserved 1048576K
}
Event: 9.019 GC heap after
{Heap after GC invocations=16 (full 0):
 garbage-first heap   total 51200K, used 26525K [0x0000000087e00000, 0x0000000100000000)
  region size 1024K, 2 young (2048K), 2 survivors (2048K)
 Metaspace       used 65156K, committed 65920K, reserved 1114112K
  class space    used 8708K, committed 9088K, reserved 1048576K
}
Event: 9.614 GC heap before
{Heap before GC invocations=16 (full 0):
 garbage-first heap   total 51200K, used 44957K [0x0000000087e00000, 0x0000000100000000)
  region size 1024K, 20 young (20480K), 2 survivors (2048K)
 Metaspace       used 69121K, committed 69952K, reserved 1114112K
  class space    used 9228K, committed 9600K, reserved 1048576K
}
Event: 9.620 GC heap after
{Heap after GC invocations=17 (full 0):
 garbage-first heap   total 51200K, used 28017K [0x0000000087e00000, 0x0000000100000000)
  region size 1024K, 3 young (3072K), 3 survivors (3072K)
 Metaspace       used 69121K, committed 69952K, reserved 1114112K
  class space    used 9228K, committed 9600K, reserved 1048576K
}
Event: 10.303 GC heap before
{Heap before GC invocations=18 (full 0):
 garbage-first heap   total 51200K, used 44401K [0x0000000087e00000, 0x0000000100000000)
  region size 1024K, 19 young (19456K), 3 survivors (3072K)
 Metaspace       used 71231K, committed 72000K, reserved 1114112K
  class space    used 9569K, committed 9920K, reserved 1048576K
}
Event: 10.309 GC heap after
{Heap after GC invocations=19 (full 0):
 garbage-first heap   total 51200K, used 30075K [0x0000000087e00000, 0x0000000100000000)
  region size 1024K, 2 young (2048K), 2 survivors (2048K)
 Metaspace       used 71231K, committed 72000K, reserved 1114112K
  class space    used 9569K, committed 9920K, reserved 1048576K
}
Event: 35.119 GC heap before
{Heap before GC invocations=19 (full 0):
 garbage-first heap   total 51200K, used 45435K [0x0000000087e00000, 0x0000000100000000)
  region size 1024K, 17 young (17408K), 2 survivors (2048K)
 Metaspace       used 73256K, committed 74112K, reserved 1114112K
  class space    used 9860K, committed 10240K, reserved 1048576K
}
Event: 35.125 GC heap after
{Heap after GC invocations=20 (full 0):
 garbage-first heap   total 61440K, used 31206K [0x0000000087e00000, 0x0000000100000000)
  region size 1024K, 2 young (2048K), 2 survivors (2048K)
 Metaspace       used 73256K, committed 74112K, reserved 1114112K
  class space    used 9860K, committed 10240K, reserved 1048576K
}
Event: 612.971 GC heap before
{Heap before GC invocations=20 (full 0):
 garbage-first heap   total 61440K, used 54758K [0x0000000087e00000, 0x0000000100000000)
  region size 1024K, 25 young (25600K), 2 survivors (2048K)
 Metaspace       used 73371K, committed 74176K, reserved 1114112K
  class space    used 9860K, committed 10240K, reserved 1048576K
}
Event: 613.148 GC heap after
{Heap after GC invocations=21 (full 0):
 garbage-first heap   total 61440K, used 31263K [0x0000000087e00000, 0x0000000100000000)
  region size 1024K, 2 young (2048K), 2 survivors (2048K)
 Metaspace       used 73371K, committed 74176K, reserved 1114112K
  class space    used 9860K, committed 10240K, reserved 1048576K
}
Event: 1221.789 GC heap before
{Heap before GC invocations=22 (full 0):
 garbage-first heap   total 61440K, used 55839K [0x0000000087e00000, 0x0000000100000000)
  region size 1024K, 26 young (26624K), 2 survivors (2048K)
 Metaspace       used 73390K, committed 74240K, reserved 1114112K
  class space    used 9860K, committed 10240K, reserved 1048576K
}
Event: 1221.808 GC heap after
{Heap after GC invocations=23 (full 0):
 garbage-first heap   total 61440K, used 31225K [0x0000000087e00000, 0x0000000100000000)
  region size 1024K, 2 young (2048K), 2 survivors (2048K)
 Metaspace       used 73390K, committed 74240K, reserved 1114112K
  class space    used 9860K, committed 10240K, reserved 1048576K
}

